<?xml version="1.0" encoding="UTF-8"?>
<testsuite xmlns:xsi="http://www.w3.org/2001/XMLSchema-instance" xsi:noNamespaceSchemaLocation="https://maven.apache.org/surefire/maven-surefire-plugin/xsd/surefire-test-report-3.0.xsd" version="3.0" name="options.CucumberTests" time="18.49" tests="35" errors="0" skipped="0" failures="2">
  <properties>
[...]
</properties>
  <testcase name="Given a Manager add new &quot;Cat&quot; pet with &quot;Lolo&quot;" classname="| &quot;Cat&quot; | &quot;Lolo&quot; | 200 |" time="0.003">
    <system-out><![CDATA[Feature: Pets

  Scenario Outline: Add new Pet profile                &amp#27;[90m# Pets.feature:2&amp#27;[0m
    &amp#27;[36mGiven &amp#27;[0m&amp#27;[36ma Manager add new <category> pet with <name>&amp#27;[0m
    &amp#27;[36mWhen &amp#27;[0m&amp#27;[36ma new pet is added&amp#27;[0m
    &amp#27;[36mThen &amp#27;[0m&amp#27;[36mthe status code should be <statusCode>&amp#27;[0m
    &amp#27;[36mAnd &amp#27;[0m&amp#27;[36mthe response includes correct pet data&amp#27;[0m

    Examples: 
]]></system-out>
  </testcase>
  <testcase name="When a new pet is added" classname="| &quot;Cat&quot; | &quot;Lolo&quot; | 200 |" time="0"/>
  <testcase name="Then the status code should be 200" classname="| &quot;Cat&quot; | &quot;Lolo&quot; | 200 |" time="0"/>
  <testcase name="And the response includes correct pet data" classname="| &quot;Cat&quot; | &quot;Lolo&quot; | 200 |" time="0"/>
  <testcase name="" classname="| &quot;Cat&quot; | &quot;Lolo&quot; | 200 |" time="0.001"/>
  <testcase name="Given a Pet exists with 056 category &quot;Dog&quot; and name &quot;Firulais&quot;" classname="| 056 | &quot;Dog&quot; | &quot;Firulais&quot; | 200 |" time="0">
    <system-out><![CDATA[
  Scenario Outline: Add new Pet profile           &amp#27;[90m# Pets.feature:10&amp#27;[0m
    &amp#27;[32mGiven &amp#27;[0m&amp#27;[32ma Manager add new "&amp#27;[0m&amp#27;[32m&amp#27;[1mCat&amp#27;[0m&amp#27;[32m" pet with "&amp#27;[0m&amp#27;[32m&amp#27;[1mLolo&amp#27;[0m&amp#27;[32m"&amp#27;[0m &amp#27;[90m# PetSteps.aManagerAddNewCategoryPetWithName(String,String)&amp#27;[0m
    &amp#27;[32mWhen &amp#27;[0m&amp#27;[32ma new pet is added&amp#27;[0m                       &amp#27;[90m# PetSteps.aNewPetIsAdded()&amp#27;[0m
    &amp#27;[32mThen &amp#27;[0m&amp#27;[32mthe status code should be &amp#27;[0m&amp#27;[32m&amp#27;[1m200&amp#27;[0m            &amp#27;[90m# PetSteps.theStatusCodeShouldBe(int)&amp#27;[0m
    &amp#27;[32mAnd &amp#27;[0m&amp#27;[32mthe response includes correct pet data&amp#27;[0m    &amp#27;[90m# PetSteps.theResponseIncludesCorrectPetData()&amp#27;[0m

  Scenario Outline: Get a pet by Id                                  &amp#27;[90m# Pets.feature:12&amp#27;[0m
    &amp#27;[36mGiven &amp#27;[0m&amp#27;[36ma Pet exists with <id> category <category> and name <name>&amp#27;[0m
    &amp#27;[36mWhen &amp#27;[0m&amp#27;[36ma user retrieves the Pet details by <id>&amp#27;[0m
    &amp#27;[36mThen &amp#27;[0m&amp#27;[36mthe status code should be <statusCode>&amp#27;[0m
    &amp#27;[36mAnd &amp#27;[0m&amp#27;[36mthe response includes correct pet data&amp#27;[0m

    Examples: 
]]></system-out>
  </testcase>
  <testcase name="Given a Pet exists with 056 category &quot;Dog&quot; and name &quot;Firulais&quot;" classname="| 056 | &quot;Dog&quot; | &quot;Firulais&quot; | 200 |" time="0">
    <system-out><![CDATA[
  Scenario Outline: Update a pet by Id                             &amp#27;[90m# Pets.feature:30&amp#27;[0m
    &amp#27;[32mGiven &amp#27;[0m&amp#27;[32ma Pet exists with &amp#27;[0m&amp#27;[32m&amp#27;[1m056&amp#27;[0m&amp#27;[32m category "&amp#27;[0m&amp#27;[32m&amp#27;[1mDog&amp#27;[0m&amp#27;[32m" and name "&amp#27;[0m&amp#27;[32m&amp#27;[1mFirulais&amp#27;[0m&amp#27;[32m"&amp#27;[0m &amp#27;[90m# PetSteps.aPetExistsWithCategoryAndName(int,String,String)&amp#27;[0m
    &amp#27;[32mWhen &amp#27;[0m&amp#27;[32ma user updates "&amp#27;[0m&amp#27;[32m&amp#27;[1mFirulais Second&amp#27;[0m&amp#27;[32m" and "&amp#27;[0m&amp#27;[32m&amp#27;[1mpending&amp#27;[0m&amp#27;[32m"&amp#27;[0m            &amp#27;[90m# PetSteps.aUserUpdatesAnd(String,String)&amp#27;[0m
    &amp#27;[32mThen &amp#27;[0m&amp#27;[32mthe status code should be &amp#27;[0m&amp#27;[32m&amp#27;[1m200&amp#27;[0m                             &amp#27;[90m# PetSteps.theStatusCodeShouldBe(int)&amp#27;[0m
    &amp#27;[32mAnd &amp#27;[0m&amp#27;[32mthe new pet's data is correct&amp#27;[0m                              &amp#27;[90m# PetSteps.theNewPetSDataIsCorrect()&amp#27;[0m

  Scenario Outline: Delete a pet by Id                               &amp#27;[90m# Pets.feature:32&amp#27;[0m
    &amp#27;[36mGiven &amp#27;[0m&amp#27;[36ma Pet exists with <id> category <category> and name <name>&amp#27;[0m
    &amp#27;[36mWhen &amp#27;[0m&amp#27;[36ma user delete the pet&amp#27;[0m
    &amp#27;[36mThen &amp#27;[0m&amp#27;[36mthe status code should be <statusCode>&amp#27;[0m
    &amp#27;[36mAnd &amp#27;[0m&amp#27;[36mthe response contains <id> deleted&amp#27;[0m

    Examples: 
]]></system-out>
  </testcase>
  <testcase name="When a user retrieves the Pet details by 056" classname="| 056 | &quot;Dog&quot; | &quot;Firulais&quot; | 200 |" time="0"/>
  <testcase name="Then the status code should be 200" classname="| 056 | &quot;Dog&quot; | &quot;Firulais&quot; | 200 |" time="0"/>
  <testcase name="Then the status code should be 200" classname="| 056 | &quot;Dog&quot; | &quot;Firulais&quot; | 200 |" time="0"/>
  <testcase name="And the response includes correct pet data" classname="| 056 | &quot;Dog&quot; | &quot;Firulais&quot; | 200 |" time="0.001"/>
  <testcase name="" classname="| 056 | &quot;Dog&quot; | &quot;Firulais&quot; | 200 |" time="0.001"/>
  <testcase name="" classname="| 056 | &quot;Dog&quot; | &quot;Firulais&quot; | 200 |" time="0"/>
  <testcase name="When a user delete the pet" classname="| 056 | &quot;Dog&quot; | &quot;Firulais&quot; | 200 |" time="0"/>
  <testcase name="And the response contains 056 deleted" classname="| 056 | &quot;Dog&quot; | &quot;Firulais&quot; | 200 |" time="0"/>
  <testcase name="Given a Pet exists with 056 category &quot;Dog&quot; and name &quot;Firulais&quot;" classname="| 056 | &quot;Dog&quot; | &quot;Firulais&quot; | 200 | &quot;Firulais Second&quot; | &quot;pending&quot; |" time="0">
    <system-out><![CDATA[
  Scenario Outline: Get a pet by Id                                &amp#27;[90m# Pets.feature:20&amp#27;[0m
    &amp#27;[32mGiven &amp#27;[0m&amp#27;[32ma Pet exists with &amp#27;[0m&amp#27;[32m&amp#27;[1m056&amp#27;[0m&amp#27;[32m category "&amp#27;[0m&amp#27;[32m&amp#27;[1mDog&amp#27;[0m&amp#27;[32m" and name "&amp#27;[0m&amp#27;[32m&amp#27;[1mFirulais&amp#27;[0m&amp#27;[32m"&amp#27;[0m &amp#27;[90m# PetSteps.aPetExistsWithCategoryAndName(int,String,String)&amp#27;[0m
    &amp#27;[32mWhen &amp#27;[0m&amp#27;[32ma user retrieves the Pet details by &amp#27;[0m&amp#27;[32m&amp#27;[1m056&amp#27;[0m                   &amp#27;[90m# PetSteps.aUserRetrievesThePetDetailsBy(int)&amp#27;[0m
    &amp#27;[32mThen &amp#27;[0m&amp#27;[32mthe status code should be &amp#27;[0m&amp#27;[32m&amp#27;[1m200&amp#27;[0m                             &amp#27;[90m# PetSteps.theStatusCodeShouldBe(int)&amp#27;[0m
    &amp#27;[32mAnd &amp#27;[0m&amp#27;[32mthe response includes correct pet data&amp#27;[0m                     &amp#27;[90m# PetSteps.theResponseIncludesCorrectPetData()&amp#27;[0m

  Scenario Outline: Update a pet by Id                               &amp#27;[90m# Pets.feature:22&amp#27;[0m
    &amp#27;[36mGiven &amp#27;[0m&amp#27;[36ma Pet exists with <id> category <category> and name <name>&amp#27;[0m
    &amp#27;[36mWhen &amp#27;[0m&amp#27;[36ma user updates <second_name> and <status>&amp#27;[0m
    &amp#27;[36mThen &amp#27;[0m&amp#27;[36mthe status code should be <statusCode>&amp#27;[0m
    &amp#27;[36mAnd &amp#27;[0m&amp#27;[36mthe new pet's data is correct&amp#27;[0m

    Examples: 
]]></system-out>
  </testcase>
  <testcase name="When a user updates &quot;Firulais Second&quot; and &quot;pending&quot;" classname="| 056 | &quot;Dog&quot; | &quot;Firulais&quot; | 200 | &quot;Firulais Second&quot; | &quot;pending&quot; |" time="0"/>
  <testcase name="Then the status code should be 200" classname="| 056 | &quot;Dog&quot; | &quot;Firulais&quot; | 200 | &quot;Firulais Second&quot; | &quot;pending&quot; |" time="0"/>
  <testcase name="And the new pet&apos;s data is correct" classname="| 056 | &quot;Dog&quot; | &quot;Firulais&quot; | 200 | &quot;Firulais Second&quot; | &quot;pending&quot; |" time="0"/>
  <testcase name="" classname="| 056 | &quot;Dog&quot; | &quot;Firulais&quot; | 200 | &quot;Firulais Second&quot; | &quot;pending&quot; |" time="0"/>
  <testcase name="Given an user provide information &quot;Maurice31&quot;" classname="| &quot;Maurice31&quot; | 200 |" time="0">
    <system-out><![CDATA[
  Scenario Outline: Delete a pet by Id                             &amp#27;[90m# Pets.feature:40&amp#27;[0m
    &amp#27;[32mGiven &amp#27;[0m&amp#27;[32ma Pet exists with &amp#27;[0m&amp#27;[32m&amp#27;[1m056&amp#27;[0m&amp#27;[32m category "&amp#27;[0m&amp#27;[32m&amp#27;[1mDog&amp#27;[0m&amp#27;[32m" and name "&amp#27;[0m&amp#27;[32m&amp#27;[1mFirulais&amp#27;[0m&amp#27;[32m"&amp#27;[0m &amp#27;[90m# PetSteps.aPetExistsWithCategoryAndName(int,String,String)&amp#27;[0m
    &amp#27;[32mWhen &amp#27;[0m&amp#27;[32ma user delete the pet&amp#27;[0m                                     &amp#27;[90m# PetSteps.aUserDeleteThePet()&amp#27;[0m
    &amp#27;[32mThen &amp#27;[0m&amp#27;[32mthe status code should be &amp#27;[0m&amp#27;[32m&amp#27;[1m200&amp#27;[0m                             &amp#27;[90m# PetSteps.theStatusCodeShouldBe(int)&amp#27;[0m
    &amp#27;[32mAnd &amp#27;[0m&amp#27;[32mthe response contains &amp#27;[0m&amp#27;[32m&amp#27;[1m056&amp#27;[0m&amp#27;[32m deleted&amp#27;[0m                          &amp#27;[90m# PetSteps.theResponseContainsDeleted(Integer)&amp#27;[0m
Feature: Users

  Scenario Outline: Create an user               &amp#27;[90m# Users.feature:3&amp#27;[0m
    &amp#27;[36mGiven &amp#27;[0m&amp#27;[36man user provide information <username>&amp#27;[0m
    &amp#27;[36mWhen &amp#27;[0m&amp#27;[36ma user send the information&amp#27;[0m
    &amp#27;[36mThen &amp#27;[0m&amp#27;[36mthe status code is <statusCode>&amp#27;[0m
    &amp#27;[36mAnd &amp#27;[0m&amp#27;[36mthe response includes correct type&amp#27;[0m

    Examples: 
]]></system-out>
  </testcase>
  <testcase name="When a user send the information" classname="| &quot;Maurice31&quot; | 200 |" time="0"/>
  <testcase name="Then the status code is 200" classname="| &quot;Maurice31&quot; | 200 |" time="0"/>
  <testcase name="And the response includes correct type" classname="| &quot;Maurice31&quot; | 200 |" time="0"/>
  <testcase name="" classname="| &quot;Maurice31&quot; | 200 |" time="0"/>
  <testcase name="Given a user provide users information" classname="| 200 | &quot;ok&quot; |" time="0">
    <system-out><![CDATA[
  Scenario Outline: Create an user                &amp#27;[90m# Users.feature:10&amp#27;[0m
    &amp#27;[32mGiven &amp#27;[0m&amp#27;[32man user provide information "&amp#27;[0m&amp#27;[32m&amp#27;[1mMaurice31&amp#27;[0m&amp#27;[32m"&amp#27;[0m &amp#27;[90m# UsersSteps.aUserProvideInformationUsername(String)&amp#27;[0m
    &amp#27;[32mWhen &amp#27;[0m&amp#27;[32ma user send the information&amp#27;[0m              &amp#27;[90m# UsersSteps.aUserSendTheInformation()&amp#27;[0m
    &amp#27;[32mThen &amp#27;[0m&amp#27;[32mthe status code is &amp#27;[0m&amp#27;[32m&amp#27;[1m200&amp#27;[0m                   &amp#27;[90m# UsersSteps.theStatusCodeIs(int)&amp#27;[0m
    &amp#27;[32mAnd &amp#27;[0m&amp#27;[32mthe response includes correct type&amp#27;[0m        &amp#27;[90m# UsersSteps.theResponseIncludesCorrectType()&amp#27;[0m

  Scenario Outline: Create users with array     &amp#27;[90m# Users.feature:12&amp#27;[0m
    &amp#27;[36mGiven &amp#27;[0m&amp#27;[36ma user provide users information&amp#27;[0m
    &amp#27;[36mWhen &amp#27;[0m&amp#27;[36mthe users information is sent&amp#27;[0m
    &amp#27;[36mThen &amp#27;[0m&amp#27;[36mthe status code is <statusCode>&amp#27;[0m
    &amp#27;[36mAnd &amp#27;[0m&amp#27;[36mthe response includes correct <message>&amp#27;[0m

    Examples: 
[{"id":0,"username":"dusty.hermann","firstName":"Edison","lastName":"Block","email":"mel.kozey@hotmail.com","password":"6y49o7dv51","phone":"605-308-1864","userStatus":0},{"id":0,"username":"shemeka.runolfsson","firstName":"Marlo","lastName":"Renner","email":"thaddeus.kreiger@hotmail.com","password":"39n77h5rp9","phone":"239-641-5179","userStatus":0},{"id":0,"username":"alberto.kirlin","firstName":"Staci","lastName":"Thiel","email":"tam.walter@gmail.com","password":"crqk9ud4w2","phone":"304.219.1044","userStatus":0}]
]]></system-out>
  </testcase>
  <testcase name="When the users information is sent" classname="| 200 | &quot;ok&quot; |" time="0"/>
  <testcase name="Then the status code is 200" classname="| 200 | &quot;ok&quot; |" time="0"/>
  <testcase name="And the response includes correct &quot;ok&quot;" classname="| 200 | &quot;ok&quot; |" time="0"/>
  <testcase name="" classname="| 200 | &quot;ok&quot; |" time="0.001"/>
  <testcase name="Given a user exists with an &quot;Maurice89&quot;" classname="| &quot;Maurice89&quot; | 200 |" time="0">
    <system-out><![CDATA[
  Scenario Outline: Create users with array &amp#27;[90m# Users.feature:19&amp#27;[0m
    &amp#27;[32mGiven &amp#27;[0m&amp#27;[32ma user provide users information&amp#27;[0m  &amp#27;[90m# UsersSteps.aUserProvideUsersInformation()&amp#27;[0m
    &amp#27;[32mWhen &amp#27;[0m&amp#27;[32mthe users information is sent&amp#27;[0m      &amp#27;[90m# UsersSteps.theUsersInformationIsSent()&amp#27;[0m
    &amp#27;[32mThen &amp#27;[0m&amp#27;[32mthe status code is &amp#27;[0m&amp#27;[32m&amp#27;[1m200&amp#27;[0m             &amp#27;[90m# UsersSteps.theStatusCodeIs(int)&amp#27;[0m
    &amp#27;[32mAnd &amp#27;[0m&amp#27;[32mthe response includes correct "&amp#27;[0m&amp#27;[32m&amp#27;[1mok&amp#27;[0m&amp#27;[32m"&amp#27;[0m  &amp#27;[90m# UsersSteps.theResponseIncludesCorrectMessage(String)&amp#27;[0m

  Scenario Outline: Get user details by username         &amp#27;[90m# Users.feature:21&amp#27;[0m
    &amp#27;[36mGiven &amp#27;[0m&amp#27;[36ma user exists with an <username>&amp#27;[0m
    &amp#27;[36mWhen &amp#27;[0m&amp#27;[36ma user retrieves the user details by <username>&amp#27;[0m
    &amp#27;[36mThen &amp#27;[0m&amp#27;[36mthe status code is <statusCode>&amp#27;[0m
    &amp#27;[36mAnd &amp#27;[0m&amp#27;[36mthe response includes correct user data&amp#27;[0m

    Examples: 
]]></system-out>
  </testcase>
  <testcase name="When a user retrieves the user details by &quot;Maurice89&quot;" classname="| &quot;Maurice89&quot; | 200 |" time="0"/>
  <testcase name="Then the status code is 200" classname="| &quot;Maurice89&quot; | 200 |" time="0"/>
  <testcase name="And the response includes correct user data" classname="| &quot;Maurice89&quot; | 200 |" time="0.007">
    <failure message="1 expectation failed.&#10;JSON path id doesn&apos;t match.&#10;Expected: &lt;904&gt;&#10;  Actual: &lt;527&gt;&#10;" type="java.lang.AssertionError"><![CDATA[java.lang.AssertionError: 
1 expectation failed.
JSON path id doesn't match.
Expected: <904>
  Actual: <527>

	at java.base/jdk.internal.reflect.NativeConstructorAccessorImpl.newInstance0(Native Method)
	at java.base/jdk.internal.reflect.NativeConstructorAccessorImpl.newInstance(NativeConstructorAccessorImpl.java:62)
	at java.base/jdk.internal.reflect.DelegatingConstructorAccessorImpl.newInstance(DelegatingConstructorAccessorImpl.java:45)
	at java.base/java.lang.reflect.Constructor.newInstance(Constructor.java:490)
	at org.codehaus.groovy.reflection.CachedConstructor.invoke(CachedConstructor.java:73)
	at org.codehaus.groovy.reflection.CachedConstructor.doConstructorInvoke(CachedConstructor.java:60)
	at org.codehaus.groovy.runtime.callsite.ConstructorSite$ConstructorSiteNoUnwrap.callConstructor(ConstructorSite.java:86)
	at org.codehaus.groovy.runtime.callsite.CallSiteArray.defaultCallConstructor(CallSiteArray.java:57)
	at org.codehaus.groovy.runtime.callsite.AbstractCallSite.callConstructor(AbstractCallSite.java:263)
	at org.codehaus.groovy.runtime.callsite.AbstractCallSite.callConstructor(AbstractCallSite.java:277)
	at io.restassured.internal.ResponseSpecificationImpl$HamcrestAssertionClosure.validate(ResponseSpecificationImpl.groovy:512)
	at io.restassured.internal.ResponseSpecificationImpl$HamcrestAssertionClosure$validate$1.call(Unknown Source)
	at io.restassured.internal.ResponseSpecificationImpl.validateResponseIfRequired(ResponseSpecificationImpl.groovy:696)
	at io.restassured.internal.ResponseSpecificationImpl.this$2$validateResponseIfRequired(ResponseSpecificationImpl.groovy)
	at jdk.internal.reflect.GeneratedMethodAccessor58.invoke(Unknown Source)
	at java.base/jdk.internal.reflect.DelegatingMethodAccessorImpl.invoke(DelegatingMethodAccessorImpl.java:43)
	at java.base/java.lang.reflect.Method.invoke(Method.java:566)
	at org.codehaus.groovy.runtime.callsite.PlainObjectMetaMethodSite.doInvoke(PlainObjectMetaMethodSite.java:43)
	at org.codehaus.groovy.runtime.callsite.PogoMetaMethodSite$PogoCachedMethodSiteNoUnwrapNoCoerce.invoke(PogoMetaMethodSite.java:198)
	at org.codehaus.groovy.runtime.callsite.PogoMetaMethodSite.callCurrent(PogoMetaMethodSite.java:62)
	at org.codehaus.groovy.runtime.callsite.AbstractCallSite.callCurrent(AbstractCallSite.java:185)
	at io.restassured.internal.ResponseSpecificationImpl.body(ResponseSpecificationImpl.groovy:270)
	at io.restassured.specification.ResponseSpecification$body$1.callCurrent(Unknown Source)
	at io.restassured.internal.ResponseSpecificationImpl.body(ResponseSpecificationImpl.groovy:117)
	at io.restassured.internal.ValidatableResponseOptionsImpl.body(ValidatableResponseOptionsImpl.java:244)
	at Steps.UsersSteps.theResponseIncludesCorrectUserData(UsersSteps.java:95)
	at ✽.And the response includes correct user data(Users.feature:25)
]]></failure>
    <system-out><![CDATA[{"id":527,"username":"Maurice89","firstName":"Gino","lastName":"Kuhn","email":"aivk88@gmail.com","password":"i1uhr5237s","phone":"(520) 231-6030","userStatus":0}
]]></system-out>
  </testcase>
  <testcase name="" classname="| &quot;Maurice89&quot; | 200 |" time="0.007">
    <failure message="1 expectation failed.&#10;JSON path id doesn&apos;t match.&#10;Expected: &lt;904&gt;&#10;  Actual: &lt;527&gt;&#10;" type="java.lang.AssertionError"><![CDATA[java.lang.AssertionError: 
1 expectation failed.
JSON path id doesn't match.
Expected: <904>
  Actual: <527>

	at java.base/jdk.internal.reflect.NativeConstructorAccessorImpl.newInstance0(Native Method)
	at java.base/jdk.internal.reflect.NativeConstructorAccessorImpl.newInstance(NativeConstructorAccessorImpl.java:62)
	at java.base/jdk.internal.reflect.DelegatingConstructorAccessorImpl.newInstance(DelegatingConstructorAccessorImpl.java:45)
	at java.base/java.lang.reflect.Constructor.newInstance(Constructor.java:490)
	at org.codehaus.groovy.reflection.CachedConstructor.invoke(CachedConstructor.java:73)
	at org.codehaus.groovy.reflection.CachedConstructor.doConstructorInvoke(CachedConstructor.java:60)
	at org.codehaus.groovy.runtime.callsite.ConstructorSite$ConstructorSiteNoUnwrap.callConstructor(ConstructorSite.java:86)
	at org.codehaus.groovy.runtime.callsite.CallSiteArray.defaultCallConstructor(CallSiteArray.java:57)
	at org.codehaus.groovy.runtime.callsite.AbstractCallSite.callConstructor(AbstractCallSite.java:263)
	at org.codehaus.groovy.runtime.callsite.AbstractCallSite.callConstructor(AbstractCallSite.java:277)
	at io.restassured.internal.ResponseSpecificationImpl$HamcrestAssertionClosure.validate(ResponseSpecificationImpl.groovy:512)
	at io.restassured.internal.ResponseSpecificationImpl$HamcrestAssertionClosure$validate$1.call(Unknown Source)
	at io.restassured.internal.ResponseSpecificationImpl.validateResponseIfRequired(ResponseSpecificationImpl.groovy:696)
	at io.restassured.internal.ResponseSpecificationImpl.this$2$validateResponseIfRequired(ResponseSpecificationImpl.groovy)
	at jdk.internal.reflect.GeneratedMethodAccessor58.invoke(Unknown Source)
	at java.base/jdk.internal.reflect.DelegatingMethodAccessorImpl.invoke(DelegatingMethodAccessorImpl.java:43)
	at java.base/java.lang.reflect.Method.invoke(Method.java:566)
	at org.codehaus.groovy.runtime.callsite.PlainObjectMetaMethodSite.doInvoke(PlainObjectMetaMethodSite.java:43)
	at org.codehaus.groovy.runtime.callsite.PogoMetaMethodSite$PogoCachedMethodSiteNoUnwrapNoCoerce.invoke(PogoMetaMethodSite.java:198)
	at org.codehaus.groovy.runtime.callsite.PogoMetaMethodSite.callCurrent(PogoMetaMethodSite.java:62)
	at org.codehaus.groovy.runtime.callsite.AbstractCallSite.callCurrent(AbstractCallSite.java:185)
	at io.restassured.internal.ResponseSpecificationImpl.body(ResponseSpecificationImpl.groovy:270)
	at io.restassured.specification.ResponseSpecification$body$1.callCurrent(Unknown Source)
	at io.restassured.internal.ResponseSpecificationImpl.body(ResponseSpecificationImpl.groovy:117)
	at io.restassured.internal.ValidatableResponseOptionsImpl.body(ValidatableResponseOptionsImpl.java:244)
	at Steps.UsersSteps.theResponseIncludesCorrectUserData(UsersSteps.java:95)
	at ✽.And the response includes correct user data(Users.feature:25)
]]></failure>
  </testcase>
</testsuite>